d:\netmarblemonster\study\portfolio-mmoserver-cpp-boost-asio\connectorserver\x64\debug\vc142.pdb
d:\netmarblemonster\study\portfolio-mmoserver-cpp-boost-asio\connectorserver\x64\debug\vc142.idb
d:\netmarblemonster\study\portfolio-mmoserver-cpp-boost-asio\connectorserver\x64\debug\struct.pb.obj
d:\netmarblemonster\study\portfolio-mmoserver-cpp-boost-asio\connectorserver\x64\debug\protocol.pb.obj
d:\netmarblemonster\study\portfolio-mmoserver-cpp-boost-asio\connectorserver\x64\debug\enum.pb.obj
d:\netmarblemonster\study\portfolio-mmoserver-cpp-boost-asio\connectorserver\x64\debug\connectorserver.pch
d:\netmarblemonster\study\portfolio-mmoserver-cpp-boost-asio\connectorserver\x64\debug\pch.obj
d:\netmarblemonster\study\portfolio-mmoserver-cpp-boost-asio\connectorserver\x64\debug\dllmain.obj
d:\netmarblemonster\study\portfolio-mmoserver-cpp-boost-asio\connectorserver\x64\debug\contcpserver.obj
d:\netmarblemonster\study\portfolio-mmoserver-cpp-boost-asio\connectorserver\x64\debug\conserversession.obj
d:\netmarblemonster\study\portfolio-mmoserver-cpp-boost-asio\dlls\connectorserver.lib
d:\netmarblemonster\study\portfolio-mmoserver-cpp-boost-asio\dlls\connectorserver.exp
d:\netmarblemonster\study\portfolio-mmoserver-cpp-boost-asio\dlls\connectorserver.dll
d:\netmarblemonster\study\portfolio-mmoserver-cpp-boost-asio\connectorserver\x64\debug\connectorserver.ilk
d:\netmarblemonster\study\portfolio-mmoserver-cpp-boost-asio\dlls\connectorserver.pdb
d:\netmarblemonster\study\portfolio-mmoserver-cpp-boost-asio\/dlls/connectorserver.pdb
d:\netmarblemonster\study\portfolio-mmoserver-cpp-boost-asio\connectorserver\x64\debug\connectorserver.tlog\cl.command.1.tlog
d:\netmarblemonster\study\portfolio-mmoserver-cpp-boost-asio\connectorserver\x64\debug\connectorserver.tlog\cl.read.1.tlog
d:\netmarblemonster\study\portfolio-mmoserver-cpp-boost-asio\connectorserver\x64\debug\connectorserver.tlog\cl.write.1.tlog
d:\netmarblemonster\study\portfolio-mmoserver-cpp-boost-asio\connectorserver\x64\debug\connectorserver.tlog\connectorserver.write.1u.tlog
d:\netmarblemonster\study\portfolio-mmoserver-cpp-boost-asio\connectorserver\x64\debug\connectorserver.tlog\link.command.1.tlog
d:\netmarblemonster\study\portfolio-mmoserver-cpp-boost-asio\connectorserver\x64\debug\connectorserver.tlog\link.read.1.tlog
d:\netmarblemonster\study\portfolio-mmoserver-cpp-boost-asio\connectorserver\x64\debug\connectorserver.tlog\link.write.1.tlog
