d:\netmarblemonster\study\portfolio-mmoserver-cpp-boost-asio\dlls\chatserver.lib
d:\netmarblemonster\study\portfolio-mmoserver-cpp-boost-asio\dlls\chatserver.exp
d:\netmarblemonster\study\portfolio-mmoserver-cpp-boost-asio\chatserver\x64\debug\chatserver.pch
d:\netmarblemonster\study\portfolio-mmoserver-cpp-boost-asio\chatserver\x64\debug\vc142.pdb
d:\netmarblemonster\study\portfolio-mmoserver-cpp-boost-asio\chatserver\x64\debug\vc142.idb
d:\netmarblemonster\study\portfolio-mmoserver-cpp-boost-asio\chatserver\x64\debug\pch.obj
d:\netmarblemonster\study\portfolio-mmoserver-cpp-boost-asio\chatserver\x64\debug\chatserver.obj
d:\netmarblemonster\study\portfolio-mmoserver-cpp-boost-asio\chatserver\x64\debug\dllmain.obj
d:\netmarblemonster\study\portfolio-mmoserver-cpp-boost-asio\chatserver\x64\debug\struct.pb.obj
d:\netmarblemonster\study\portfolio-mmoserver-cpp-boost-asio\chatserver\x64\debug\protocol.pb.obj
d:\netmarblemonster\study\portfolio-mmoserver-cpp-boost-asio\chatserver\x64\debug\enum.pb.obj
d:\netmarblemonster\study\portfolio-mmoserver-cpp-boost-asio\chatserver\x64\debug\chatserver.ilk
d:\netmarblemonster\study\portfolio-mmoserver-cpp-boost-asio\dlls\chatserver.dll
d:\netmarblemonster\study\portfolio-mmoserver-cpp-boost-asio\dlls\chatserver.pdb
d:\netmarblemonster\study\portfolio-mmoserver-cpp-boost-asio\/dlls/chatserver.pdb
d:\netmarblemonster\study\portfolio-mmoserver-cpp-boost-asio\chatserver\x64\debug\chatserver.tlog\chatserver.write.1u.tlog
d:\netmarblemonster\study\portfolio-mmoserver-cpp-boost-asio\chatserver\x64\debug\chatserver.tlog\cl.command.1.tlog
d:\netmarblemonster\study\portfolio-mmoserver-cpp-boost-asio\chatserver\x64\debug\chatserver.tlog\cl.read.1.tlog
d:\netmarblemonster\study\portfolio-mmoserver-cpp-boost-asio\chatserver\x64\debug\chatserver.tlog\cl.write.1.tlog
d:\netmarblemonster\study\portfolio-mmoserver-cpp-boost-asio\chatserver\x64\debug\chatserver.tlog\link.command.1.tlog
d:\netmarblemonster\study\portfolio-mmoserver-cpp-boost-asio\chatserver\x64\debug\chatserver.tlog\link.read.1.tlog
d:\netmarblemonster\study\portfolio-mmoserver-cpp-boost-asio\chatserver\x64\debug\chatserver.tlog\link.write.1.tlog
