d:\netmarblemonster\study\portfolio-gameserver-cpp-boost-asio\zoneserver\x64\debug\zoneserver.pch
d:\netmarblemonster\study\portfolio-gameserver-cpp-boost-asio\zoneserver\x64\debug\vc142.pdb
d:\netmarblemonster\study\portfolio-gameserver-cpp-boost-asio\zoneserver\x64\debug\vc142.idb
d:\netmarblemonster\study\portfolio-gameserver-cpp-boost-asio\zoneserver\x64\debug\pch.obj
d:\netmarblemonster\study\portfolio-gameserver-cpp-boost-asio\zoneserver\x64\debug\dllmain.obj
d:\netmarblemonster\study\portfolio-gameserver-cpp-boost-asio\zoneserver\x64\debug\zoneserver.obj
d:\netmarblemonster\study\03 서버스터디\portfolio-mmoserver-cpp-boost-asio\zoneserver\x64\debug\zoneserver.pch
d:\netmarblemonster\study\03 서버스터디\portfolio-mmoserver-cpp-boost-asio\zoneserver\x64\debug\vc142.pdb
d:\netmarblemonster\study\03 서버스터디\portfolio-mmoserver-cpp-boost-asio\zoneserver\x64\debug\vc142.idb
d:\netmarblemonster\study\03 서버스터디\portfolio-mmoserver-cpp-boost-asio\zoneserver\x64\debug\pch.obj
d:\netmarblemonster\study\03 서버스터디\portfolio-mmoserver-cpp-boost-asio\zoneserver\x64\debug\zoneserver.obj
d:\netmarblemonster\study\03 서버스터디\portfolio-mmoserver-cpp-boost-asio\zoneserver\x64\debug\dllmain.obj
d:\netmarblemonster\study\portfolio-mmoserver-cpp-boost-asio\zoneserver\x64\debug\zoneserver.pch
d:\netmarblemonster\study\portfolio-mmoserver-cpp-boost-asio\zoneserver\x64\debug\vc142.pdb
d:\netmarblemonster\study\portfolio-mmoserver-cpp-boost-asio\zoneserver\x64\debug\vc142.idb
d:\netmarblemonster\study\portfolio-mmoserver-cpp-boost-asio\zoneserver\x64\debug\pch.obj
d:\netmarblemonster\study\portfolio-mmoserver-cpp-boost-asio\zoneserver\x64\debug\dllmain.obj
d:\netmarblemonster\study\portfolio-gameserver-cpp-boost-asio\zoneserver\x64\debug\zoneserver.ilk
d:\netmarblemonster\study\portfolio-gameserver-cpp-boost-asio\dlls\zoneserver.dll
d:\netmarblemonster\study\portfolio-gameserver-cpp-boost-asio\dlls\zoneserver.pdb
d:\netmarblemonster\study\03 서버스터디\portfolio-mmoserver-cpp-boost-asio\dlls\zoneserver.dll
d:\netmarblemonster\study\03 서버스터디\portfolio-mmoserver-cpp-boost-asio\zoneserver\x64\debug\zoneserver.ilk
d:\netmarblemonster\study\03 서버스터디\portfolio-mmoserver-cpp-boost-asio\dlls\zoneserver.pdb
d:\netmarblemonster\study\portfolio-mmoserver-cpp-boost-asio\dlls\zoneserver.dll
d:\netmarblemonster\study\portfolio-mmoserver-cpp-boost-asio\zoneserver\x64\debug\zoneserver.ilk
d:\netmarblemonster\study\portfolio-mmoserver-cpp-boost-asio\dlls\zoneserver.pdb
d:\netmarblemonster\study\portfolio-gameserver-cpp-boost-asio\dlls\zoneserver.lib
d:\netmarblemonster\study\portfolio-gameserver-cpp-boost-asio\dlls\zoneserver.exp
d:\netmarblemonster\study\03 서버스터디\portfolio-mmoserver-cpp-boost-asio\dlls\zoneserver.lib
d:\netmarblemonster\study\03 서버스터디\portfolio-mmoserver-cpp-boost-asio\dlls\zoneserver.exp
d:\netmarblemonster\study\portfolio-mmoserver-cpp-boost-asio\dlls\zoneserver.lib
d:\netmarblemonster\study\portfolio-mmoserver-cpp-boost-asio\dlls\zoneserver.exp
d:\netmarblemonster\study\portfolio-mmoserver-cpp-boost-asio\/dlls/zoneserver.pdb
d:\netmarblemonster\study\portfolio-mmoserver-cpp-boost-asio\zoneserver\x64\debug\zoneserver.tlog\cl.command.1.tlog
d:\netmarblemonster\study\portfolio-mmoserver-cpp-boost-asio\zoneserver\x64\debug\zoneserver.tlog\cl.read.1.tlog
d:\netmarblemonster\study\portfolio-mmoserver-cpp-boost-asio\zoneserver\x64\debug\zoneserver.tlog\cl.write.1.tlog
d:\netmarblemonster\study\portfolio-mmoserver-cpp-boost-asio\zoneserver\x64\debug\zoneserver.tlog\link.command.1.tlog
d:\netmarblemonster\study\portfolio-mmoserver-cpp-boost-asio\zoneserver\x64\debug\zoneserver.tlog\link.read.1.tlog
d:\netmarblemonster\study\portfolio-mmoserver-cpp-boost-asio\zoneserver\x64\debug\zoneserver.tlog\link.write.1.tlog
d:\netmarblemonster\study\portfolio-mmoserver-cpp-boost-asio\zoneserver\x64\debug\zoneserver.tlog\zoneserver.write.1u.tlog
