  NetGameSession.cpp
D:\NetmarbleMonster\Study\portfolio-mmoserver-cpp-boost-asio\packages\boost.1.80.0\lib\native\include\boost\bind.hpp(41): message : The practice of declaring the Bind placeholders (_1, _2, ...) in the global namespace is deprecated. Please use <boost/bind/bind.hpp> + using namespace boost::placeholders, or define BOOST_BIND_GLOBAL_PLACEHOLDERS to retain the current behavior.
D:\NetmarbleMonster\Study\portfolio-mmoserver-cpp-boost-asio\ServerCore\NetHeader.h(1,1): warning C4819: 현재 코드 페이지(949)에서 표시할 수 없는 문자가 파일에 들어 있습니다. 데이터가 손실되지 않게 하려면 해당 파일을 유니코드 형식으로 저장하십시오.
  NetTcpServer.cpp
D:\NetmarbleMonster\Study\portfolio-mmoserver-cpp-boost-asio\packages\boost.1.80.0\lib\native\include\boost\bind.hpp(41): message : The practice of declaring the Bind placeholders (_1, _2, ...) in the global namespace is deprecated. Please use <boost/bind/bind.hpp> + using namespace boost::placeholders, or define BOOST_BIND_GLOBAL_PLACEHOLDERS to retain the current behavior.
D:\NetmarbleMonster\Study\portfolio-mmoserver-cpp-boost-asio\NetworkServer\NetTcpServer.h(28,1): warning C4150: 불완전한 형식 'NetGameSession'에 대한 포인터를 삭제했습니다. 소멸자가 호출되지 않습니다.
D:\NetmarbleMonster\Study\portfolio-mmoserver-cpp-boost-asio\NetworkServer\NetTcpServer.h(8): message : 'NetGameSession' 선언을 참조하십시오.
D:\NetmarbleMonster\Study\portfolio-mmoserver-cpp-boost-asio\ServerCore\NetHeader.h(1,1): warning C4819: 현재 코드 페이지(949)에서 표시할 수 없는 문자가 파일에 들어 있습니다. 데이터가 손실되지 않게 하려면 해당 파일을 유니코드 형식으로 저장하십시오.
  NetworkServer.cpp
D:\NetmarbleMonster\Study\portfolio-mmoserver-cpp-boost-asio\NetworkServer\NetworkServer.cpp(1,1): warning C4819: 현재 코드 페이지(949)에서 표시할 수 없는 문자가 파일에 들어 있습니다. 데이터가 손실되지 않게 하려면 해당 파일을 유니코드 형식으로 저장하십시오.
D:\NetmarbleMonster\Study\portfolio-mmoserver-cpp-boost-asio\ServerCore\NetHeader.h(1,1): warning C4819: 현재 코드 페이지(949)에서 표시할 수 없는 문자가 파일에 들어 있습니다. 데이터가 손실되지 않게 하려면 해당 파일을 유니코드 형식으로 저장하십시오.
D:\NetmarbleMonster\Study\portfolio-mmoserver-cpp-boost-asio\packages\boost.1.80.0\lib\native\include\boost\bind.hpp(41): message : The practice of declaring the Bind placeholders (_1, _2, ...) in the global namespace is deprecated. Please use <boost/bind/bind.hpp> + using namespace boost::placeholders, or define BOOST_BIND_GLOBAL_PLACEHOLDERS to retain the current behavior.
D:\NetmarbleMonster\Study\portfolio-mmoserver-cpp-boost-asio\NetworkServer\NetworkServer.cpp(121,28): warning C4101: 'e' :참조되지 않은 지역 변수입니다.
D:\NetmarbleMonster\Study\portfolio-mmoserver-cpp-boost-asio\NetworkServer\NetworkServer.cpp(125,25): warning C4101: 'e' :참조되지 않은 지역 변수입니다.
D:\NetmarbleMonster\Study\portfolio-mmoserver-cpp-boost-asio\NetworkServer\NetworkServer.cpp(148,28): warning C4101: 'e' :참조되지 않은 지역 변수입니다.
D:\NetmarbleMonster\Study\portfolio-mmoserver-cpp-boost-asio\NetworkServer\NetworkServer.cpp(152,25): warning C4101: 'e' :참조되지 않은 지역 변수입니다.
D:\NetmarbleMonster\Study\portfolio-mmoserver-cpp-boost-asio\NetworkServer\NetworkServer.cpp(186,28): warning C4101: 'e' :참조되지 않은 지역 변수입니다.
D:\NetmarbleMonster\Study\portfolio-mmoserver-cpp-boost-asio\NetworkServer\NetworkServer.cpp(190,25): warning C4101: 'e' :참조되지 않은 지역 변수입니다.
  코드를 생성하고 있습니다...
  NetworkServer.vcxproj -> D:\NetmarbleMonster\Study\portfolio-mmoserver-cpp-boost-asio\DLLs\NetworkServer.dll
