d:\netmarblemonster\study\portfolio-mmoserver-cpp-boost-asio\networkserver\x64\debug\networkserver.pch
d:\netmarblemonster\study\portfolio-mmoserver-cpp-boost-asio\networkserver\x64\debug\vc142.pdb
d:\netmarblemonster\study\portfolio-mmoserver-cpp-boost-asio\networkserver\x64\debug\vc142.idb
d:\netmarblemonster\study\portfolio-mmoserver-cpp-boost-asio\networkserver\x64\debug\pch.obj
d:\netmarblemonster\study\portfolio-mmoserver-cpp-boost-asio\networkserver\x64\debug\networkserver.obj
d:\netmarblemonster\study\portfolio-mmoserver-cpp-boost-asio\networkserver\x64\debug\nettcpserver.obj
d:\netmarblemonster\study\portfolio-mmoserver-cpp-boost-asio\networkserver\x64\debug\netgamesession.obj
d:\netmarblemonster\study\portfolio-mmoserver-cpp-boost-asio\networkserver\x64\debug\dllmain.obj
d:\netmarblemonster\study\portfolio-mmoserver-cpp-boost-asio\networkserver\x64\debug\clientpktdispatcher.obj
d:\netmarblemonster\study\portfolio-mmoserver-cpp-boost-asio\networkserver\x64\debug\struct.pb.obj
d:\netmarblemonster\study\portfolio-mmoserver-cpp-boost-asio\networkserver\x64\debug\protocol.pb.obj
d:\netmarblemonster\study\portfolio-mmoserver-cpp-boost-asio\networkserver\x64\debug\enum.pb.obj
d:\netmarblemonster\study\portfolio-mmoserver-cpp-boost-asio\dlls\networkserver.dll
d:\netmarblemonster\study\portfolio-mmoserver-cpp-boost-asio\networkserver\x64\debug\networkserver.ilk
d:\netmarblemonster\study\portfolio-mmoserver-cpp-boost-asio\dlls\networkserver.pdb
d:\netmarblemonster\study\portfolio-mmoserver-cpp-boost-asio\dlls\networkserver.lib
d:\netmarblemonster\study\portfolio-mmoserver-cpp-boost-asio\dlls\networkserver.exp
d:\netmarblemonster\study\portfolio-mmoserver-cpp-boost-asio\/dlls/networkserver.pdb
d:\netmarblemonster\study\portfolio-mmoserver-cpp-boost-asio\networkserver\x64\debug\networkserver.tlog\cl.command.1.tlog
d:\netmarblemonster\study\portfolio-mmoserver-cpp-boost-asio\networkserver\x64\debug\networkserver.tlog\cl.read.1.tlog
d:\netmarblemonster\study\portfolio-mmoserver-cpp-boost-asio\networkserver\x64\debug\networkserver.tlog\cl.write.1.tlog
d:\netmarblemonster\study\portfolio-mmoserver-cpp-boost-asio\networkserver\x64\debug\networkserver.tlog\link.command.1.tlog
d:\netmarblemonster\study\portfolio-mmoserver-cpp-boost-asio\networkserver\x64\debug\networkserver.tlog\link.read.1.tlog
d:\netmarblemonster\study\portfolio-mmoserver-cpp-boost-asio\networkserver\x64\debug\networkserver.tlog\link.write.1.tlog
d:\netmarblemonster\study\portfolio-mmoserver-cpp-boost-asio\networkserver\x64\debug\networkserver.tlog\networkserver.write.1u.tlog
