d:\netmarblemonster\study\portfolio-gameserver-cpp-boost-asio\userserver\x64\debug\userserver.pch
d:\netmarblemonster\study\portfolio-gameserver-cpp-boost-asio\userserver\x64\debug\vc142.pdb
d:\netmarblemonster\study\portfolio-gameserver-cpp-boost-asio\userserver\x64\debug\vc142.idb
d:\netmarblemonster\study\portfolio-gameserver-cpp-boost-asio\userserver\x64\debug\pch.obj
d:\netmarblemonster\study\portfolio-gameserver-cpp-boost-asio\userserver\x64\debug\userserver.obj
d:\netmarblemonster\study\portfolio-gameserver-cpp-boost-asio\userserver\x64\debug\dllmain.obj
d:\netmarblemonster\study\03 서버스터디\portfolio-mmoserver-cpp-boost-asio\userserver\x64\debug\userserver.pch
d:\netmarblemonster\study\03 서버스터디\portfolio-mmoserver-cpp-boost-asio\userserver\x64\debug\vc142.pdb
d:\netmarblemonster\study\03 서버스터디\portfolio-mmoserver-cpp-boost-asio\userserver\x64\debug\vc142.idb
d:\netmarblemonster\study\03 서버스터디\portfolio-mmoserver-cpp-boost-asio\userserver\x64\debug\pch.obj
d:\netmarblemonster\study\03 서버스터디\portfolio-mmoserver-cpp-boost-asio\userserver\x64\debug\userserver.obj
d:\netmarblemonster\study\03 서버스터디\portfolio-mmoserver-cpp-boost-asio\userserver\x64\debug\dllmain.obj
d:\netmarblemonster\study\portfolio-mmoserver-cpp-boost-asio\userserver\x64\debug\userserver.pch
d:\netmarblemonster\study\portfolio-mmoserver-cpp-boost-asio\userserver\x64\debug\vc142.pdb
d:\netmarblemonster\study\portfolio-mmoserver-cpp-boost-asio\userserver\x64\debug\vc142.idb
d:\netmarblemonster\study\portfolio-mmoserver-cpp-boost-asio\userserver\x64\debug\pch.obj
d:\netmarblemonster\study\portfolio-mmoserver-cpp-boost-asio\userserver\x64\debug\dllmain.obj
d:\netmarblemonster\study\portfolio-mmoserver-cpp-boost-asio\userserver\x64\debug\userserver.obj
d:\netmarblemonster\study\portfolio-gameserver-cpp-boost-asio\dlls\userserver.dll
d:\netmarblemonster\study\portfolio-gameserver-cpp-boost-asio\userserver\x64\debug\userserver.ilk
d:\netmarblemonster\study\portfolio-gameserver-cpp-boost-asio\dlls\userserver.pdb
d:\netmarblemonster\study\03 서버스터디\portfolio-mmoserver-cpp-boost-asio\dlls\userserver.dll
d:\netmarblemonster\study\03 서버스터디\portfolio-mmoserver-cpp-boost-asio\userserver\x64\debug\userserver.ilk
d:\netmarblemonster\study\03 서버스터디\portfolio-mmoserver-cpp-boost-asio\dlls\userserver.pdb
d:\netmarblemonster\study\portfolio-mmoserver-cpp-boost-asio\dlls\userserver.dll
d:\netmarblemonster\study\portfolio-mmoserver-cpp-boost-asio\userserver\x64\debug\userserver.ilk
d:\netmarblemonster\study\portfolio-mmoserver-cpp-boost-asio\dlls\userserver.pdb
d:\netmarblemonster\study\portfolio-gameserver-cpp-boost-asio\dlls\userserver.lib
d:\netmarblemonster\study\portfolio-gameserver-cpp-boost-asio\dlls\userserver.exp
d:\netmarblemonster\study\03 서버스터디\portfolio-mmoserver-cpp-boost-asio\dlls\userserver.lib
d:\netmarblemonster\study\03 서버스터디\portfolio-mmoserver-cpp-boost-asio\dlls\userserver.exp
d:\netmarblemonster\study\portfolio-mmoserver-cpp-boost-asio\dlls\userserver.lib
d:\netmarblemonster\study\portfolio-mmoserver-cpp-boost-asio\dlls\userserver.exp
d:\netmarblemonster\study\portfolio-mmoserver-cpp-boost-asio\/dlls/userserver.pdb
d:\netmarblemonster\study\portfolio-mmoserver-cpp-boost-asio\userserver\x64\debug\userserver.tlog\cl.command.1.tlog
d:\netmarblemonster\study\portfolio-mmoserver-cpp-boost-asio\userserver\x64\debug\userserver.tlog\cl.read.1.tlog
d:\netmarblemonster\study\portfolio-mmoserver-cpp-boost-asio\userserver\x64\debug\userserver.tlog\cl.write.1.tlog
d:\netmarblemonster\study\portfolio-mmoserver-cpp-boost-asio\userserver\x64\debug\userserver.tlog\link.command.1.tlog
d:\netmarblemonster\study\portfolio-mmoserver-cpp-boost-asio\userserver\x64\debug\userserver.tlog\link.read.1.tlog
d:\netmarblemonster\study\portfolio-mmoserver-cpp-boost-asio\userserver\x64\debug\userserver.tlog\link.write.1.tlog
d:\netmarblemonster\study\portfolio-mmoserver-cpp-boost-asio\userserver\x64\debug\userserver.tlog\userserver.write.1u.tlog
