d:\netmarblemonster\study\portfolio-mmoserver-cpp-boost-asio\servercore\x64\debug\servercore.pch
d:\netmarblemonster\study\portfolio-mmoserver-cpp-boost-asio\libraries\libs\servercore\debug\servercore.pdb
d:\netmarblemonster\study\portfolio-mmoserver-cpp-boost-asio\libraries\libs\servercore\debug\servercore.idb
d:\netmarblemonster\study\portfolio-mmoserver-cpp-boost-asio\servercore\x64\debug\pch.obj
d:\netmarblemonster\study\portfolio-mmoserver-cpp-boost-asio\servercore\x64\debug\lockqueue.obj
d:\netmarblemonster\study\portfolio-mmoserver-cpp-boost-asio\servercore\x64\debug\jobtimer.obj
d:\netmarblemonster\study\portfolio-mmoserver-cpp-boost-asio\servercore\x64\debug\job.obj
d:\netmarblemonster\study\portfolio-mmoserver-cpp-boost-asio\servercore\x64\debug\iocpevent.obj
d:\netmarblemonster\study\portfolio-mmoserver-cpp-boost-asio\servercore\x64\debug\iocpcore.obj
d:\netmarblemonster\study\portfolio-mmoserver-cpp-boost-asio\servercore\x64\debug\globalqueue.obj
d:\netmarblemonster\study\portfolio-mmoserver-cpp-boost-asio\servercore\x64\debug\fileutils.obj
d:\netmarblemonster\study\portfolio-mmoserver-cpp-boost-asio\servercore\x64\debug\deadlockprofiler.obj
d:\netmarblemonster\study\portfolio-mmoserver-cpp-boost-asio\servercore\x64\debug\dbsynchronizer.obj
d:\netmarblemonster\study\portfolio-mmoserver-cpp-boost-asio\servercore\x64\debug\dbmodel.obj
d:\netmarblemonster\study\portfolio-mmoserver-cpp-boost-asio\servercore\x64\debug\dbconnectionpool.obj
d:\netmarblemonster\study\portfolio-mmoserver-cpp-boost-asio\servercore\x64\debug\dbconnection.obj
d:\netmarblemonster\study\portfolio-mmoserver-cpp-boost-asio\servercore\x64\debug\dbbind.obj
d:\netmarblemonster\study\portfolio-mmoserver-cpp-boost-asio\servercore\x64\debug\coretls.obj
d:\netmarblemonster\study\portfolio-mmoserver-cpp-boost-asio\servercore\x64\debug\corepch.obj
d:\netmarblemonster\study\portfolio-mmoserver-cpp-boost-asio\servercore\x64\debug\coreglobal.obj
d:\netmarblemonster\study\portfolio-mmoserver-cpp-boost-asio\servercore\x64\debug\consolelog.obj
d:\netmarblemonster\study\portfolio-mmoserver-cpp-boost-asio\servercore\x64\debug\bufferwriter.obj
d:\netmarblemonster\study\portfolio-mmoserver-cpp-boost-asio\servercore\x64\debug\bufferreader.obj
d:\netmarblemonster\study\portfolio-mmoserver-cpp-boost-asio\servercore\x64\debug\allocator.obj
d:\netmarblemonster\study\portfolio-mmoserver-cpp-boost-asio\servercore\x64\debug\netmessage.obj
d:\netmarblemonster\study\portfolio-mmoserver-cpp-boost-asio\servercore\x64\debug\xmlparser.obj
d:\netmarblemonster\study\portfolio-mmoserver-cpp-boost-asio\servercore\x64\debug\threadmanager.obj
d:\netmarblemonster\study\portfolio-mmoserver-cpp-boost-asio\servercore\x64\debug\socketutils.obj
d:\netmarblemonster\study\portfolio-mmoserver-cpp-boost-asio\servercore\x64\debug\session.obj
d:\netmarblemonster\study\portfolio-mmoserver-cpp-boost-asio\servercore\x64\debug\service.obj
d:\netmarblemonster\study\portfolio-mmoserver-cpp-boost-asio\servercore\x64\debug\sendbuffer.obj
d:\netmarblemonster\study\portfolio-mmoserver-cpp-boost-asio\servercore\x64\debug\refcounting.obj
d:\netmarblemonster\study\portfolio-mmoserver-cpp-boost-asio\servercore\x64\debug\recvbuffer.obj
d:\netmarblemonster\study\portfolio-mmoserver-cpp-boost-asio\servercore\x64\debug\netsession.obj
d:\netmarblemonster\study\portfolio-mmoserver-cpp-boost-asio\servercore\x64\debug\netserver.obj
d:\netmarblemonster\study\portfolio-mmoserver-cpp-boost-asio\servercore\x64\debug\netsendbuffer.obj
d:\netmarblemonster\study\portfolio-mmoserver-cpp-boost-asio\servercore\x64\debug\netrecvbuffer.obj
d:\netmarblemonster\study\portfolio-mmoserver-cpp-boost-asio\servercore\x64\debug\netclient.obj
d:\netmarblemonster\study\portfolio-mmoserver-cpp-boost-asio\servercore\x64\debug\netaddress.obj
d:\netmarblemonster\study\portfolio-mmoserver-cpp-boost-asio\servercore\x64\debug\memorypool.obj
d:\netmarblemonster\study\portfolio-mmoserver-cpp-boost-asio\servercore\x64\debug\memory.obj
d:\netmarblemonster\study\portfolio-mmoserver-cpp-boost-asio\servercore\x64\debug\lock.obj
d:\netmarblemonster\study\portfolio-mmoserver-cpp-boost-asio\servercore\x64\debug\listener.obj
d:\netmarblemonster\study\portfolio-mmoserver-cpp-boost-asio\servercore\x64\debug\jobqueue.obj
d:\netmarblemonster\study\portfolio-mmoserver-cpp-boost-asio\libraries\libs\servercore\debug\servercore.lib
d:\netmarblemonster\study\portfolio-mmoserver-cpp-boost-asio\servercore\x64\debug\servercore.tlog\cl.command.1.tlog
d:\netmarblemonster\study\portfolio-mmoserver-cpp-boost-asio\servercore\x64\debug\servercore.tlog\cl.read.1.tlog
d:\netmarblemonster\study\portfolio-mmoserver-cpp-boost-asio\servercore\x64\debug\servercore.tlog\cl.write.1.tlog
d:\netmarblemonster\study\portfolio-mmoserver-cpp-boost-asio\servercore\x64\debug\servercore.tlog\lib-link.write.1.tlog
d:\netmarblemonster\study\portfolio-mmoserver-cpp-boost-asio\servercore\x64\debug\servercore.tlog\lib.command.1.tlog
d:\netmarblemonster\study\portfolio-mmoserver-cpp-boost-asio\servercore\x64\debug\servercore.tlog\lib.read.1.tlog
